SF:lib\model\suma.dart
DA:1,1
DA:2,1
LF:2
LH:2
end_of_record
SF:lib\bloc\logic.dart
DA:6,2
DA:7,4
DA:10,0
DA:11,0
DA:12,0
DA:16,1
DA:18,1
DA:19,1
DA:28,1
DA:29,1
DA:30,2
DA:31,2
DA:35,1
LF:13
LH:10
end_of_record
SF:lib\model\car.dart
DA:6,1
LF:1
LH:1
end_of_record
SF:lib\model\poliza.dart
DA:6,1
LF:1
LH:1
end_of_record
SF:lib\screens\calculator_screen.dart
DA:10,1
DA:11,1
DA:59,1
DA:61,1
DA:62,1
DA:63,1
DA:64,1
DA:65,1
DA:67,1
DA:69,1
DA:70,1
DA:72,1
DA:73,1
DA:74,1
DA:76,1
DA:77,1
DA:78,1
DA:80,1
DA:86,1
DA:88,1
DA:100,1
DA:101,1
DA:102,1
DA:105,1
DA:107,1
DA:108,1
DA:109,1
DA:112,1
DA:113,1
DA:115,1
DA:117,2
DA:118,1
DA:119,1
DA:120,1
DA:121,2
DA:122,1
DA:123,4
DA:126,1
DA:127,1
DA:128,1
DA:129,1
DA:130,1
DA:132,1
DA:133,2
DA:134,1
DA:135,1
DA:138,2
DA:140,1
DA:141,1
DA:144,2
DA:148,1
DA:149,1
DA:150,4
DA:151,4
DA:153,1
DA:160,1
DA:163,1
DA:165,1
DA:166,1
DA:167,1
DA:169,1
DA:170,2
DA:172,1
DA:175,1
DA:177,1
DA:178,1
DA:179,1
DA:180,1
DA:185,1
DA:186,9
DA:187,1
DA:198,1
DA:201,1
DA:204,1
DA:205,2
DA:206,3
DA:207,1
DA:208,4
DA:209,2
DA:212,1
DA:213,1
DA:217,1
DA:220,1
DA:221,1
DA:222,1
DA:224,1
DA:225,1
DA:227,1
DA:232,3
DA:233,1
DA:234,1
DA:245,1
DA:246,2
DA:248,1
DA:249,1
DA:250,4
DA:251,4
DA:252,2
DA:253,2
DA:254,2
DA:255,2
DA:256,5
DA:261,1
DA:262,1
DA:264,3
DA:265,2
DA:266,2
DA:267,2
DA:274,1
DA:275,1
DA:276,1
DA:277,1
DA:278,1
DA:279,1
DA:284,1
DA:285,1
DA:286,1
DA:287,1
DA:288,2
DA:289,1
DA:292,1
LF:121
LH:121
end_of_record
SF:lib\style\theme.dart
DA:6,0
LF:1
LH:0
end_of_record
SF:lib\widgets\top_menu.dart
DA:28,1
DA:30,1
DA:32,3
DA:33,1
DA:34,0
DA:37,1
DA:38,1
DA:39,1
DA:41,1
DA:42,1
DA:44,2
DA:45,2
DA:46,1
DA:49,1
DA:50,1
DA:53,1
DA:54,1
DA:56,1
DA:57,1
DA:60,2
DA:63,1
DA:66,1
DA:67,1
DA:68,1
DA:72,2
DA:79,1
LF:26
LH:25
end_of_record
SF:lib\model\menu.dart
DA:4,1
LF:1
LH:1
end_of_record
